Internal Server Error: /contracts/1/
Traceback (most recent call last):
  File "C:\Users\xdeva\Documents\OC_projets\P12_devant_xavier\venv\lib\site-packages\django\core\handlers\exception.py", line 55, in inner
    response = get_response(request)
  File "C:\Users\xdeva\Documents\OC_projets\P12_devant_xavier\venv\lib\site-packages\django\core\handlers\base.py", line 197, in _get_response
    response = wrapped_callback(request, *callback_args, **callback_kwargs)
  File "C:\Users\xdeva\Documents\OC_projets\P12_devant_xavier\venv\lib\site-packages\django\views\decorators\csrf.py", line 54, in wrapped_view
    return view_func(*args, **kwargs)
  File "C:\Users\xdeva\Documents\OC_projets\P12_devant_xavier\venv\lib\site-packages\rest_framework\viewsets.py", line 125, in view
    return self.dispatch(request, *args, **kwargs)
  File "C:\Users\xdeva\Documents\OC_projets\P12_devant_xavier\venv\lib\site-packages\rest_framework\views.py", line 509, in dispatch
    response = self.handle_exception(exc)
  File "C:\Users\xdeva\Documents\OC_projets\P12_devant_xavier\venv\lib\site-packages\rest_framework\views.py", line 469, in handle_exception
    self.raise_uncaught_exception(exc)
  File "C:\Users\xdeva\Documents\OC_projets\P12_devant_xavier\venv\lib\site-packages\rest_framework\views.py", line 480, in raise_uncaught_exception
    raise exc
  File "C:\Users\xdeva\Documents\OC_projets\P12_devant_xavier\venv\lib\site-packages\rest_framework\views.py", line 506, in dispatch
    response = handler(request, *args, **kwargs)
  File "C:\Users\xdeva\Documents\OC_projets\P12_devant_xavier\venv\lib\site-packages\rest_framework\mixins.py", line 75, in update
    return Response(serializer.data)
  File "C:\Users\xdeva\Documents\OC_projets\P12_devant_xavier\venv\lib\site-packages\rest_framework\serializers.py", line 555, in data
    ret = super().data
  File "C:\Users\xdeva\Documents\OC_projets\P12_devant_xavier\venv\lib\site-packages\rest_framework\serializers.py", line 253, in data
    self._data = self.to_representation(self.instance)
  File "C:\Users\xdeva\Documents\OC_projets\P12_devant_xavier\venv\lib\site-packages\rest_framework\serializers.py", line 522, in to_representation
    ret[field.field_name] = field.to_representation(attribute)
  File "C:\Users\xdeva\Documents\OC_projets\P12_devant_xavier\venv\lib\site-packages\rest_framework\fields.py", line 1300, in to_representation
    assert not isinstance(value, datetime.datetime), (
AssertionError: Expected a `date`, but got a `datetime`. Refusing to coerce, as this may mean losing timezone information. Use a custom read-only field and deal with timezone issues explicitly.
Internal Server Error: /contracts/2/
Traceback (most recent call last):
  File "C:\Users\xdeva\Documents\OC_projets\P12_devant_xavier\venv\lib\site-packages\django\core\handlers\exception.py", line 55, in inner
    response = get_response(request)
  File "C:\Users\xdeva\Documents\OC_projets\P12_devant_xavier\venv\lib\site-packages\django\core\handlers\base.py", line 197, in _get_response
    response = wrapped_callback(request, *callback_args, **callback_kwargs)
  File "C:\Users\xdeva\Documents\OC_projets\P12_devant_xavier\venv\lib\site-packages\django\views\decorators\csrf.py", line 54, in wrapped_view
    return view_func(*args, **kwargs)
  File "C:\Users\xdeva\Documents\OC_projets\P12_devant_xavier\venv\lib\site-packages\rest_framework\viewsets.py", line 125, in view
    return self.dispatch(request, *args, **kwargs)
  File "C:\Users\xdeva\Documents\OC_projets\P12_devant_xavier\venv\lib\site-packages\rest_framework\views.py", line 509, in dispatch
    response = self.handle_exception(exc)
  File "C:\Users\xdeva\Documents\OC_projets\P12_devant_xavier\venv\lib\site-packages\rest_framework\views.py", line 469, in handle_exception
    self.raise_uncaught_exception(exc)
  File "C:\Users\xdeva\Documents\OC_projets\P12_devant_xavier\venv\lib\site-packages\rest_framework\views.py", line 480, in raise_uncaught_exception
    raise exc
  File "C:\Users\xdeva\Documents\OC_projets\P12_devant_xavier\venv\lib\site-packages\rest_framework\views.py", line 506, in dispatch
    response = handler(request, *args, **kwargs)
  File "C:\Users\xdeva\Documents\OC_projets\P12_devant_xavier\venv\lib\site-packages\rest_framework\mixins.py", line 75, in update
    return Response(serializer.data)
  File "C:\Users\xdeva\Documents\OC_projets\P12_devant_xavier\venv\lib\site-packages\rest_framework\serializers.py", line 555, in data
    ret = super().data
  File "C:\Users\xdeva\Documents\OC_projets\P12_devant_xavier\venv\lib\site-packages\rest_framework\serializers.py", line 253, in data
    self._data = self.to_representation(self.instance)
  File "C:\Users\xdeva\Documents\OC_projets\P12_devant_xavier\venv\lib\site-packages\rest_framework\serializers.py", line 522, in to_representation
    ret[field.field_name] = field.to_representation(attribute)
  File "C:\Users\xdeva\Documents\OC_projets\P12_devant_xavier\venv\lib\site-packages\rest_framework\fields.py", line 1300, in to_representation
    assert not isinstance(value, datetime.datetime), (
AssertionError: Expected a `date`, but got a `datetime`. Refusing to coerce, as this may mean losing timezone information. Use a custom read-only field and deal with timezone issues explicitly.
Internal Server Error: /contracts/1/
Traceback (most recent call last):
  File "C:\Users\xdeva\Documents\OC_projets\P12_devant_xavier\venv\lib\site-packages\django\core\handlers\exception.py", line 55, in inner
    response = get_response(request)
  File "C:\Users\xdeva\Documents\OC_projets\P12_devant_xavier\venv\lib\site-packages\django\core\handlers\base.py", line 197, in _get_response
    response = wrapped_callback(request, *callback_args, **callback_kwargs)
  File "C:\Users\xdeva\Documents\OC_projets\P12_devant_xavier\venv\lib\site-packages\django\views\decorators\csrf.py", line 54, in wrapped_view
    return view_func(*args, **kwargs)
  File "C:\Users\xdeva\Documents\OC_projets\P12_devant_xavier\venv\lib\site-packages\rest_framework\viewsets.py", line 125, in view
    return self.dispatch(request, *args, **kwargs)
  File "C:\Users\xdeva\Documents\OC_projets\P12_devant_xavier\venv\lib\site-packages\rest_framework\views.py", line 509, in dispatch
    response = self.handle_exception(exc)
  File "C:\Users\xdeva\Documents\OC_projets\P12_devant_xavier\venv\lib\site-packages\rest_framework\views.py", line 469, in handle_exception
    self.raise_uncaught_exception(exc)
  File "C:\Users\xdeva\Documents\OC_projets\P12_devant_xavier\venv\lib\site-packages\rest_framework\views.py", line 480, in raise_uncaught_exception
    raise exc
  File "C:\Users\xdeva\Documents\OC_projets\P12_devant_xavier\venv\lib\site-packages\rest_framework\views.py", line 506, in dispatch
    response = handler(request, *args, **kwargs)
  File "C:\Users\xdeva\Documents\OC_projets\P12_devant_xavier\venv\lib\site-packages\rest_framework\mixins.py", line 75, in update
    return Response(serializer.data)
  File "C:\Users\xdeva\Documents\OC_projets\P12_devant_xavier\venv\lib\site-packages\rest_framework\serializers.py", line 555, in data
    ret = super().data
  File "C:\Users\xdeva\Documents\OC_projets\P12_devant_xavier\venv\lib\site-packages\rest_framework\serializers.py", line 253, in data
    self._data = self.to_representation(self.instance)
  File "C:\Users\xdeva\Documents\OC_projets\P12_devant_xavier\venv\lib\site-packages\rest_framework\serializers.py", line 522, in to_representation
    ret[field.field_name] = field.to_representation(attribute)
  File "C:\Users\xdeva\Documents\OC_projets\P12_devant_xavier\venv\lib\site-packages\rest_framework\fields.py", line 1300, in to_representation
    assert not isinstance(value, datetime.datetime), (
AssertionError: Expected a `date`, but got a `datetime`. Refusing to coerce, as this may mean losing timezone information. Use a custom read-only field and deal with timezone issues explicitly.
Internal Server Error: /admin/crm/contract/3/change/
Traceback (most recent call last):
  File "C:\Users\xdeva\Documents\OC_projets\P12_devant_xavier\venv\lib\site-packages\django\core\handlers\exception.py", line 55, in inner
    response = get_response(request)
  File "C:\Users\xdeva\Documents\OC_projets\P12_devant_xavier\venv\lib\site-packages\django\core\handlers\base.py", line 220, in _get_response
    response = response.render()
  File "C:\Users\xdeva\Documents\OC_projets\P12_devant_xavier\venv\lib\site-packages\django\template\response.py", line 114, in render
    self.content = self.rendered_content
  File "C:\Users\xdeva\Documents\OC_projets\P12_devant_xavier\venv\lib\site-packages\django\template\response.py", line 92, in rendered_content
    return template.render(context, self._request)
  File "C:\Users\xdeva\Documents\OC_projets\P12_devant_xavier\venv\lib\site-packages\django\template\backends\django.py", line 62, in render
    return self.template.render(context)
  File "C:\Users\xdeva\Documents\OC_projets\P12_devant_xavier\venv\lib\site-packages\django\template\base.py", line 175, in render
    return self._render(context)
  File "C:\Users\xdeva\Documents\OC_projets\P12_devant_xavier\venv\lib\site-packages\django\template\base.py", line 167, in _render
    return self.nodelist.render(context)
  File "C:\Users\xdeva\Documents\OC_projets\P12_devant_xavier\venv\lib\site-packages\django\template\base.py", line 1005, in render
    return SafeString("".join([node.render_annotated(context) for node in self]))
  File "C:\Users\xdeva\Documents\OC_projets\P12_devant_xavier\venv\lib\site-packages\django\template\base.py", line 1005, in <listcomp>
    return SafeString("".join([node.render_annotated(context) for node in self]))
  File "C:\Users\xdeva\Documents\OC_projets\P12_devant_xavier\venv\lib\site-packages\django\template\base.py", line 966, in render_annotated
    return self.render(context)
  File "C:\Users\xdeva\Documents\OC_projets\P12_devant_xavier\venv\lib\site-packages\django\template\loader_tags.py", line 157, in render
    return compiled_parent._render(context)
  File "C:\Users\xdeva\Documents\OC_projets\P12_devant_xavier\venv\lib\site-packages\django\template\base.py", line 167, in _render
    return self.nodelist.render(context)
  File "C:\Users\xdeva\Documents\OC_projets\P12_devant_xavier\venv\lib\site-packages\django\template\base.py", line 1005, in render
    return SafeString("".join([node.render_annotated(context) for node in self]))
  File "C:\Users\xdeva\Documents\OC_projets\P12_devant_xavier\venv\lib\site-packages\django\template\base.py", line 1005, in <listcomp>
    return SafeString("".join([node.render_annotated(context) for node in self]))
  File "C:\Users\xdeva\Documents\OC_projets\P12_devant_xavier\venv\lib\site-packages\django\template\base.py", line 966, in render_annotated
    return self.render(context)
  File "C:\Users\xdeva\Documents\OC_projets\P12_devant_xavier\venv\lib\site-packages\django\template\loader_tags.py", line 157, in render
    return compiled_parent._render(context)
  File "C:\Users\xdeva\Documents\OC_projets\P12_devant_xavier\venv\lib\site-packages\django\template\base.py", line 167, in _render
    return self.nodelist.render(context)
  File "C:\Users\xdeva\Documents\OC_projets\P12_devant_xavier\venv\lib\site-packages\django\template\base.py", line 1005, in render
    return SafeString("".join([node.render_annotated(context) for node in self]))
  File "C:\Users\xdeva\Documents\OC_projets\P12_devant_xavier\venv\lib\site-packages\django\template\base.py", line 1005, in <listcomp>
    return SafeString("".join([node.render_annotated(context) for node in self]))
  File "C:\Users\xdeva\Documents\OC_projets\P12_devant_xavier\venv\lib\site-packages\django\template\base.py", line 966, in render_annotated
    return self.render(context)
  File "C:\Users\xdeva\Documents\OC_projets\P12_devant_xavier\venv\lib\site-packages\django\template\loader_tags.py", line 63, in render
    result = block.nodelist.render(context)
  File "C:\Users\xdeva\Documents\OC_projets\P12_devant_xavier\venv\lib\site-packages\django\template\base.py", line 1005, in render
    return SafeString("".join([node.render_annotated(context) for node in self]))
  File "C:\Users\xdeva\Documents\OC_projets\P12_devant_xavier\venv\lib\site-packages\django\template\base.py", line 1005, in <listcomp>
    return SafeString("".join([node.render_annotated(context) for node in self]))
  File "C:\Users\xdeva\Documents\OC_projets\P12_devant_xavier\venv\lib\site-packages\django\template\base.py", line 966, in render_annotated
    return self.render(context)
  File "C:\Users\xdeva\Documents\OC_projets\P12_devant_xavier\venv\lib\site-packages\django\template\loader_tags.py", line 63, in render
    result = block.nodelist.render(context)
  File "C:\Users\xdeva\Documents\OC_projets\P12_devant_xavier\venv\lib\site-packages\django\template\base.py", line 1005, in render
    return SafeString("".join([node.render_annotated(context) for node in self]))
  File "C:\Users\xdeva\Documents\OC_projets\P12_devant_xavier\venv\lib\site-packages\django\template\base.py", line 1005, in <listcomp>
    return SafeString("".join([node.render_annotated(context) for node in self]))
  File "C:\Users\xdeva\Documents\OC_projets\P12_devant_xavier\venv\lib\site-packages\django\template\base.py", line 966, in render_annotated
    return self.render(context)
  File "C:\Users\xdeva\Documents\OC_projets\P12_devant_xavier\venv\lib\site-packages\django\template\defaulttags.py", line 238, in render
    nodelist.append(node.render_annotated(context))
  File "C:\Users\xdeva\Documents\OC_projets\P12_devant_xavier\venv\lib\site-packages\django\template\base.py", line 966, in render_annotated
    return self.render(context)
  File "C:\Users\xdeva\Documents\OC_projets\P12_devant_xavier\venv\lib\site-packages\django\template\loader_tags.py", line 208, in render
    return template.render(context)
  File "C:\Users\xdeva\Documents\OC_projets\P12_devant_xavier\venv\lib\site-packages\django\template\base.py", line 177, in render
    return self._render(context)
  File "C:\Users\xdeva\Documents\OC_projets\P12_devant_xavier\venv\lib\site-packages\django\template\base.py", line 167, in _render
    return self.nodelist.render(context)
  File "C:\Users\xdeva\Documents\OC_projets\P12_devant_xavier\venv\lib\site-packages\django\template\base.py", line 1005, in render
    return SafeString("".join([node.render_annotated(context) for node in self]))
  File "C:\Users\xdeva\Documents\OC_projets\P12_devant_xavier\venv\lib\site-packages\django\template\base.py", line 1005, in <listcomp>
    return SafeString("".join([node.render_annotated(context) for node in self]))
  File "C:\Users\xdeva\Documents\OC_projets\P12_devant_xavier\venv\lib\site-packages\django\template\base.py", line 966, in render_annotated
    return self.render(context)
  File "C:\Users\xdeva\Documents\OC_projets\P12_devant_xavier\venv\lib\site-packages\django\template\defaulttags.py", line 238, in render
    nodelist.append(node.render_annotated(context))
  File "C:\Users\xdeva\Documents\OC_projets\P12_devant_xavier\venv\lib\site-packages\django\template\base.py", line 966, in render_annotated
    return self.render(context)
  File "C:\Users\xdeva\Documents\OC_projets\P12_devant_xavier\venv\lib\site-packages\django\template\defaulttags.py", line 238, in render
    nodelist.append(node.render_annotated(context))
  File "C:\Users\xdeva\Documents\OC_projets\P12_devant_xavier\venv\lib\site-packages\django\template\base.py", line 966, in render_annotated
    return self.render(context)
  File "C:\Users\xdeva\Documents\OC_projets\P12_devant_xavier\venv\lib\site-packages\django\template\defaulttags.py", line 322, in render
    return nodelist.render(context)
  File "C:\Users\xdeva\Documents\OC_projets\P12_devant_xavier\venv\lib\site-packages\django\template\base.py", line 1005, in render
    return SafeString("".join([node.render_annotated(context) for node in self]))
  File "C:\Users\xdeva\Documents\OC_projets\P12_devant_xavier\venv\lib\site-packages\django\template\base.py", line 1005, in <listcomp>
    return SafeString("".join([node.render_annotated(context) for node in self]))
  File "C:\Users\xdeva\Documents\OC_projets\P12_devant_xavier\venv\lib\site-packages\django\template\base.py", line 966, in render_annotated
    return self.render(context)
  File "C:\Users\xdeva\Documents\OC_projets\P12_devant_xavier\venv\lib\site-packages\django\template\defaulttags.py", line 322, in render
    return nodelist.render(context)
  File "C:\Users\xdeva\Documents\OC_projets\P12_devant_xavier\venv\lib\site-packages\django\template\base.py", line 1005, in render
    return SafeString("".join([node.render_annotated(context) for node in self]))
  File "C:\Users\xdeva\Documents\OC_projets\P12_devant_xavier\venv\lib\site-packages\django\template\base.py", line 1005, in <listcomp>
    return SafeString("".join([node.render_annotated(context) for node in self]))
  File "C:\Users\xdeva\Documents\OC_projets\P12_devant_xavier\venv\lib\site-packages\django\template\base.py", line 966, in render_annotated
    return self.render(context)
  File "C:\Users\xdeva\Documents\OC_projets\P12_devant_xavier\venv\lib\site-packages\django\template\base.py", line 1070, in render
    return render_value_in_context(output, context)
  File "C:\Users\xdeva\Documents\OC_projets\P12_devant_xavier\venv\lib\site-packages\django\template\base.py", line 1047, in render_value_in_context
    value = str(value)
  File "C:\Users\xdeva\Documents\OC_projets\P12_devant_xavier\venv\lib\site-packages\django\utils\html.py", line 419, in <lambda>
    klass.__str__ = lambda self: mark_safe(klass_str(self))
  File "C:\Users\xdeva\Documents\OC_projets\P12_devant_xavier\venv\lib\site-packages\django\forms\boundfield.py", line 34, in __str__
    return self.as_widget()
  File "C:\Users\xdeva\Documents\OC_projets\P12_devant_xavier\venv\lib\site-packages\django\forms\boundfield.py", line 99, in as_widget
    return widget.render(
  File "C:\Users\xdeva\Documents\OC_projets\P12_devant_xavier\venv\lib\site-packages\django\forms\widgets.py", line 280, in render
    context = self.get_context(name, value, attrs)
  File "C:\Users\xdeva\Documents\OC_projets\P12_devant_xavier\venv\lib\site-packages\django\contrib\admin\widgets.py", line 89, in get_context
    context = super().get_context(name, value, attrs)
  File "C:\Users\xdeva\Documents\OC_projets\P12_devant_xavier\venv\lib\site-packages\django\forms\widgets.py", line 890, in get_context
    value = self.decompress(value)
  File "C:\Users\xdeva\Documents\OC_projets\P12_devant_xavier\venv\lib\site-packages\django\forms\widgets.py", line 992, in decompress
    value = to_current_timezone(value)
  File "C:\Users\xdeva\Documents\OC_projets\P12_devant_xavier\venv\lib\site-packages\django\forms\utils.py", line 241, in to_current_timezone
    if settings.USE_TZ and value is not None and timezone.is_aware(value):
  File "C:\Users\xdeva\Documents\OC_projets\P12_devant_xavier\venv\lib\site-packages\django\utils\timezone.py", line 256, in is_aware
    return value.utcoffset() is not None
AttributeError: 'datetime.date' object has no attribute 'utcoffset'
"GET /admin/crm/contract/3/change/ HTTP/1.1" 500 545306
Internal Server Error: /admin/crm/contract/4/change/
Traceback (most recent call last):
  File "C:\Users\xdeva\Documents\OC_projets\P12_devant_xavier\venv\lib\site-packages\django\core\handlers\exception.py", line 55, in inner
    response = get_response(request)
  File "C:\Users\xdeva\Documents\OC_projets\P12_devant_xavier\venv\lib\site-packages\django\core\handlers\base.py", line 220, in _get_response
    response = response.render()
  File "C:\Users\xdeva\Documents\OC_projets\P12_devant_xavier\venv\lib\site-packages\django\template\response.py", line 114, in render
    self.content = self.rendered_content
  File "C:\Users\xdeva\Documents\OC_projets\P12_devant_xavier\venv\lib\site-packages\django\template\response.py", line 92, in rendered_content
    return template.render(context, self._request)
  File "C:\Users\xdeva\Documents\OC_projets\P12_devant_xavier\venv\lib\site-packages\django\template\backends\django.py", line 62, in render
    return self.template.render(context)
  File "C:\Users\xdeva\Documents\OC_projets\P12_devant_xavier\venv\lib\site-packages\django\template\base.py", line 175, in render
    return self._render(context)
  File "C:\Users\xdeva\Documents\OC_projets\P12_devant_xavier\venv\lib\site-packages\django\template\base.py", line 167, in _render
    return self.nodelist.render(context)
  File "C:\Users\xdeva\Documents\OC_projets\P12_devant_xavier\venv\lib\site-packages\django\template\base.py", line 1005, in render
    return SafeString("".join([node.render_annotated(context) for node in self]))
  File "C:\Users\xdeva\Documents\OC_projets\P12_devant_xavier\venv\lib\site-packages\django\template\base.py", line 1005, in <listcomp>
    return SafeString("".join([node.render_annotated(context) for node in self]))
  File "C:\Users\xdeva\Documents\OC_projets\P12_devant_xavier\venv\lib\site-packages\django\template\base.py", line 966, in render_annotated
    return self.render(context)
  File "C:\Users\xdeva\Documents\OC_projets\P12_devant_xavier\venv\lib\site-packages\django\template\loader_tags.py", line 157, in render
    return compiled_parent._render(context)
  File "C:\Users\xdeva\Documents\OC_projets\P12_devant_xavier\venv\lib\site-packages\django\template\base.py", line 167, in _render
    return self.nodelist.render(context)
  File "C:\Users\xdeva\Documents\OC_projets\P12_devant_xavier\venv\lib\site-packages\django\template\base.py", line 1005, in render
    return SafeString("".join([node.render_annotated(context) for node in self]))
  File "C:\Users\xdeva\Documents\OC_projets\P12_devant_xavier\venv\lib\site-packages\django\template\base.py", line 1005, in <listcomp>
    return SafeString("".join([node.render_annotated(context) for node in self]))
  File "C:\Users\xdeva\Documents\OC_projets\P12_devant_xavier\venv\lib\site-packages\django\template\base.py", line 966, in render_annotated
    return self.render(context)
  File "C:\Users\xdeva\Documents\OC_projets\P12_devant_xavier\venv\lib\site-packages\django\template\loader_tags.py", line 157, in render
    return compiled_parent._render(context)
  File "C:\Users\xdeva\Documents\OC_projets\P12_devant_xavier\venv\lib\site-packages\django\template\base.py", line 167, in _render
    return self.nodelist.render(context)
  File "C:\Users\xdeva\Documents\OC_projets\P12_devant_xavier\venv\lib\site-packages\django\template\base.py", line 1005, in render
    return SafeString("".join([node.render_annotated(context) for node in self]))
  File "C:\Users\xdeva\Documents\OC_projets\P12_devant_xavier\venv\lib\site-packages\django\template\base.py", line 1005, in <listcomp>
    return SafeString("".join([node.render_annotated(context) for node in self]))
  File "C:\Users\xdeva\Documents\OC_projets\P12_devant_xavier\venv\lib\site-packages\django\template\base.py", line 966, in render_annotated
    return self.render(context)
  File "C:\Users\xdeva\Documents\OC_projets\P12_devant_xavier\venv\lib\site-packages\django\template\loader_tags.py", line 63, in render
    result = block.nodelist.render(context)
  File "C:\Users\xdeva\Documents\OC_projets\P12_devant_xavier\venv\lib\site-packages\django\template\base.py", line 1005, in render
    return SafeString("".join([node.render_annotated(context) for node in self]))
  File "C:\Users\xdeva\Documents\OC_projets\P12_devant_xavier\venv\lib\site-packages\django\template\base.py", line 1005, in <listcomp>
    return SafeString("".join([node.render_annotated(context) for node in self]))
  File "C:\Users\xdeva\Documents\OC_projets\P12_devant_xavier\venv\lib\site-packages\django\template\base.py", line 966, in render_annotated
    return self.render(context)
  File "C:\Users\xdeva\Documents\OC_projets\P12_devant_xavier\venv\lib\site-packages\django\template\loader_tags.py", line 63, in render
    result = block.nodelist.render(context)
  File "C:\Users\xdeva\Documents\OC_projets\P12_devant_xavier\venv\lib\site-packages\django\template\base.py", line 1005, in render
    return SafeString("".join([node.render_annotated(context) for node in self]))
  File "C:\Users\xdeva\Documents\OC_projets\P12_devant_xavier\venv\lib\site-packages\django\template\base.py", line 1005, in <listcomp>
    return SafeString("".join([node.render_annotated(context) for node in self]))
  File "C:\Users\xdeva\Documents\OC_projets\P12_devant_xavier\venv\lib\site-packages\django\template\base.py", line 966, in render_annotated
    return self.render(context)
  File "C:\Users\xdeva\Documents\OC_projets\P12_devant_xavier\venv\lib\site-packages\django\template\defaulttags.py", line 238, in render
    nodelist.append(node.render_annotated(context))
  File "C:\Users\xdeva\Documents\OC_projets\P12_devant_xavier\venv\lib\site-packages\django\template\base.py", line 966, in render_annotated
    return self.render(context)
  File "C:\Users\xdeva\Documents\OC_projets\P12_devant_xavier\venv\lib\site-packages\django\template\loader_tags.py", line 208, in render
    return template.render(context)
  File "C:\Users\xdeva\Documents\OC_projets\P12_devant_xavier\venv\lib\site-packages\django\template\base.py", line 177, in render
    return self._render(context)
  File "C:\Users\xdeva\Documents\OC_projets\P12_devant_xavier\venv\lib\site-packages\django\template\base.py", line 167, in _render
    return self.nodelist.render(context)
  File "C:\Users\xdeva\Documents\OC_projets\P12_devant_xavier\venv\lib\site-packages\django\template\base.py", line 1005, in render
    return SafeString("".join([node.render_annotated(context) for node in self]))
  File "C:\Users\xdeva\Documents\OC_projets\P12_devant_xavier\venv\lib\site-packages\django\template\base.py", line 1005, in <listcomp>
    return SafeString("".join([node.render_annotated(context) for node in self]))
  File "C:\Users\xdeva\Documents\OC_projets\P12_devant_xavier\venv\lib\site-packages\django\template\base.py", line 966, in render_annotated
    return self.render(context)
  File "C:\Users\xdeva\Documents\OC_projets\P12_devant_xavier\venv\lib\site-packages\django\template\defaulttags.py", line 238, in render
    nodelist.append(node.render_annotated(context))
  File "C:\Users\xdeva\Documents\OC_projets\P12_devant_xavier\venv\lib\site-packages\django\template\base.py", line 966, in render_annotated
    return self.render(context)
  File "C:\Users\xdeva\Documents\OC_projets\P12_devant_xavier\venv\lib\site-packages\django\template\defaulttags.py", line 238, in render
    nodelist.append(node.render_annotated(context))
  File "C:\Users\xdeva\Documents\OC_projets\P12_devant_xavier\venv\lib\site-packages\django\template\base.py", line 966, in render_annotated
    return self.render(context)
  File "C:\Users\xdeva\Documents\OC_projets\P12_devant_xavier\venv\lib\site-packages\django\template\defaulttags.py", line 322, in render
    return nodelist.render(context)
  File "C:\Users\xdeva\Documents\OC_projets\P12_devant_xavier\venv\lib\site-packages\django\template\base.py", line 1005, in render
    return SafeString("".join([node.render_annotated(context) for node in self]))
  File "C:\Users\xdeva\Documents\OC_projets\P12_devant_xavier\venv\lib\site-packages\django\template\base.py", line 1005, in <listcomp>
    return SafeString("".join([node.render_annotated(context) for node in self]))
  File "C:\Users\xdeva\Documents\OC_projets\P12_devant_xavier\venv\lib\site-packages\django\template\base.py", line 966, in render_annotated
    return self.render(context)
  File "C:\Users\xdeva\Documents\OC_projets\P12_devant_xavier\venv\lib\site-packages\django\template\defaulttags.py", line 322, in render
    return nodelist.render(context)
  File "C:\Users\xdeva\Documents\OC_projets\P12_devant_xavier\venv\lib\site-packages\django\template\base.py", line 1005, in render
    return SafeString("".join([node.render_annotated(context) for node in self]))
  File "C:\Users\xdeva\Documents\OC_projets\P12_devant_xavier\venv\lib\site-packages\django\template\base.py", line 1005, in <listcomp>
    return SafeString("".join([node.render_annotated(context) for node in self]))
  File "C:\Users\xdeva\Documents\OC_projets\P12_devant_xavier\venv\lib\site-packages\django\template\base.py", line 966, in render_annotated
    return self.render(context)
  File "C:\Users\xdeva\Documents\OC_projets\P12_devant_xavier\venv\lib\site-packages\django\template\base.py", line 1070, in render
    return render_value_in_context(output, context)
  File "C:\Users\xdeva\Documents\OC_projets\P12_devant_xavier\venv\lib\site-packages\django\template\base.py", line 1047, in render_value_in_context
    value = str(value)
  File "C:\Users\xdeva\Documents\OC_projets\P12_devant_xavier\venv\lib\site-packages\django\utils\html.py", line 419, in <lambda>
    klass.__str__ = lambda self: mark_safe(klass_str(self))
  File "C:\Users\xdeva\Documents\OC_projets\P12_devant_xavier\venv\lib\site-packages\django\forms\boundfield.py", line 34, in __str__
    return self.as_widget()
  File "C:\Users\xdeva\Documents\OC_projets\P12_devant_xavier\venv\lib\site-packages\django\forms\boundfield.py", line 99, in as_widget
    return widget.render(
  File "C:\Users\xdeva\Documents\OC_projets\P12_devant_xavier\venv\lib\site-packages\django\forms\widgets.py", line 280, in render
    context = self.get_context(name, value, attrs)
  File "C:\Users\xdeva\Documents\OC_projets\P12_devant_xavier\venv\lib\site-packages\django\contrib\admin\widgets.py", line 89, in get_context
    context = super().get_context(name, value, attrs)
  File "C:\Users\xdeva\Documents\OC_projets\P12_devant_xavier\venv\lib\site-packages\django\forms\widgets.py", line 890, in get_context
    value = self.decompress(value)
  File "C:\Users\xdeva\Documents\OC_projets\P12_devant_xavier\venv\lib\site-packages\django\forms\widgets.py", line 992, in decompress
    value = to_current_timezone(value)
  File "C:\Users\xdeva\Documents\OC_projets\P12_devant_xavier\venv\lib\site-packages\django\forms\utils.py", line 241, in to_current_timezone
    if settings.USE_TZ and value is not None and timezone.is_aware(value):
  File "C:\Users\xdeva\Documents\OC_projets\P12_devant_xavier\venv\lib\site-packages\django\utils\timezone.py", line 256, in is_aware
    return value.utcoffset() is not None
AttributeError: 'datetime.date' object has no attribute 'utcoffset'
"GET /admin/crm/contract/4/change/ HTTP/1.1" 500 545306
Internal Server Error: /admin/crm/contract/5/change/
Traceback (most recent call last):
  File "C:\Users\xdeva\Documents\OC_projets\P12_devant_xavier\venv\lib\site-packages\django\core\handlers\exception.py", line 55, in inner
    response = get_response(request)
  File "C:\Users\xdeva\Documents\OC_projets\P12_devant_xavier\venv\lib\site-packages\django\core\handlers\base.py", line 220, in _get_response
    response = response.render()
  File "C:\Users\xdeva\Documents\OC_projets\P12_devant_xavier\venv\lib\site-packages\django\template\response.py", line 114, in render
    self.content = self.rendered_content
  File "C:\Users\xdeva\Documents\OC_projets\P12_devant_xavier\venv\lib\site-packages\django\template\response.py", line 92, in rendered_content
    return template.render(context, self._request)
  File "C:\Users\xdeva\Documents\OC_projets\P12_devant_xavier\venv\lib\site-packages\django\template\backends\django.py", line 62, in render
    return self.template.render(context)
  File "C:\Users\xdeva\Documents\OC_projets\P12_devant_xavier\venv\lib\site-packages\django\template\base.py", line 175, in render
    return self._render(context)
  File "C:\Users\xdeva\Documents\OC_projets\P12_devant_xavier\venv\lib\site-packages\django\template\base.py", line 167, in _render
    return self.nodelist.render(context)
  File "C:\Users\xdeva\Documents\OC_projets\P12_devant_xavier\venv\lib\site-packages\django\template\base.py", line 1005, in render
    return SafeString("".join([node.render_annotated(context) for node in self]))
  File "C:\Users\xdeva\Documents\OC_projets\P12_devant_xavier\venv\lib\site-packages\django\template\base.py", line 1005, in <listcomp>
    return SafeString("".join([node.render_annotated(context) for node in self]))
  File "C:\Users\xdeva\Documents\OC_projets\P12_devant_xavier\venv\lib\site-packages\django\template\base.py", line 966, in render_annotated
    return self.render(context)
  File "C:\Users\xdeva\Documents\OC_projets\P12_devant_xavier\venv\lib\site-packages\django\template\loader_tags.py", line 157, in render
    return compiled_parent._render(context)
  File "C:\Users\xdeva\Documents\OC_projets\P12_devant_xavier\venv\lib\site-packages\django\template\base.py", line 167, in _render
    return self.nodelist.render(context)
  File "C:\Users\xdeva\Documents\OC_projets\P12_devant_xavier\venv\lib\site-packages\django\template\base.py", line 1005, in render
    return SafeString("".join([node.render_annotated(context) for node in self]))
  File "C:\Users\xdeva\Documents\OC_projets\P12_devant_xavier\venv\lib\site-packages\django\template\base.py", line 1005, in <listcomp>
    return SafeString("".join([node.render_annotated(context) for node in self]))
  File "C:\Users\xdeva\Documents\OC_projets\P12_devant_xavier\venv\lib\site-packages\django\template\base.py", line 966, in render_annotated
    return self.render(context)
  File "C:\Users\xdeva\Documents\OC_projets\P12_devant_xavier\venv\lib\site-packages\django\template\loader_tags.py", line 157, in render
    return compiled_parent._render(context)
  File "C:\Users\xdeva\Documents\OC_projets\P12_devant_xavier\venv\lib\site-packages\django\template\base.py", line 167, in _render
    return self.nodelist.render(context)
  File "C:\Users\xdeva\Documents\OC_projets\P12_devant_xavier\venv\lib\site-packages\django\template\base.py", line 1005, in render
    return SafeString("".join([node.render_annotated(context) for node in self]))
  File "C:\Users\xdeva\Documents\OC_projets\P12_devant_xavier\venv\lib\site-packages\django\template\base.py", line 1005, in <listcomp>
    return SafeString("".join([node.render_annotated(context) for node in self]))
  File "C:\Users\xdeva\Documents\OC_projets\P12_devant_xavier\venv\lib\site-packages\django\template\base.py", line 966, in render_annotated
    return self.render(context)
  File "C:\Users\xdeva\Documents\OC_projets\P12_devant_xavier\venv\lib\site-packages\django\template\loader_tags.py", line 63, in render
    result = block.nodelist.render(context)
  File "C:\Users\xdeva\Documents\OC_projets\P12_devant_xavier\venv\lib\site-packages\django\template\base.py", line 1005, in render
    return SafeString("".join([node.render_annotated(context) for node in self]))
  File "C:\Users\xdeva\Documents\OC_projets\P12_devant_xavier\venv\lib\site-packages\django\template\base.py", line 1005, in <listcomp>
    return SafeString("".join([node.render_annotated(context) for node in self]))
  File "C:\Users\xdeva\Documents\OC_projets\P12_devant_xavier\venv\lib\site-packages\django\template\base.py", line 966, in render_annotated
    return self.render(context)
  File "C:\Users\xdeva\Documents\OC_projets\P12_devant_xavier\venv\lib\site-packages\django\template\loader_tags.py", line 63, in render
    result = block.nodelist.render(context)
  File "C:\Users\xdeva\Documents\OC_projets\P12_devant_xavier\venv\lib\site-packages\django\template\base.py", line 1005, in render
    return SafeString("".join([node.render_annotated(context) for node in self]))
  File "C:\Users\xdeva\Documents\OC_projets\P12_devant_xavier\venv\lib\site-packages\django\template\base.py", line 1005, in <listcomp>
    return SafeString("".join([node.render_annotated(context) for node in self]))
  File "C:\Users\xdeva\Documents\OC_projets\P12_devant_xavier\venv\lib\site-packages\django\template\base.py", line 966, in render_annotated
    return self.render(context)
  File "C:\Users\xdeva\Documents\OC_projets\P12_devant_xavier\venv\lib\site-packages\django\template\defaulttags.py", line 238, in render
    nodelist.append(node.render_annotated(context))
  File "C:\Users\xdeva\Documents\OC_projets\P12_devant_xavier\venv\lib\site-packages\django\template\base.py", line 966, in render_annotated
    return self.render(context)
  File "C:\Users\xdeva\Documents\OC_projets\P12_devant_xavier\venv\lib\site-packages\django\template\loader_tags.py", line 208, in render
    return template.render(context)
  File "C:\Users\xdeva\Documents\OC_projets\P12_devant_xavier\venv\lib\site-packages\django\template\base.py", line 177, in render
    return self._render(context)
  File "C:\Users\xdeva\Documents\OC_projets\P12_devant_xavier\venv\lib\site-packages\django\template\base.py", line 167, in _render
    return self.nodelist.render(context)
  File "C:\Users\xdeva\Documents\OC_projets\P12_devant_xavier\venv\lib\site-packages\django\template\base.py", line 1005, in render
    return SafeString("".join([node.render_annotated(context) for node in self]))
  File "C:\Users\xdeva\Documents\OC_projets\P12_devant_xavier\venv\lib\site-packages\django\template\base.py", line 1005, in <listcomp>
    return SafeString("".join([node.render_annotated(context) for node in self]))
  File "C:\Users\xdeva\Documents\OC_projets\P12_devant_xavier\venv\lib\site-packages\django\template\base.py", line 966, in render_annotated
    return self.render(context)
  File "C:\Users\xdeva\Documents\OC_projets\P12_devant_xavier\venv\lib\site-packages\django\template\defaulttags.py", line 238, in render
    nodelist.append(node.render_annotated(context))
  File "C:\Users\xdeva\Documents\OC_projets\P12_devant_xavier\venv\lib\site-packages\django\template\base.py", line 966, in render_annotated
    return self.render(context)
  File "C:\Users\xdeva\Documents\OC_projets\P12_devant_xavier\venv\lib\site-packages\django\template\defaulttags.py", line 238, in render
    nodelist.append(node.render_annotated(context))
  File "C:\Users\xdeva\Documents\OC_projets\P12_devant_xavier\venv\lib\site-packages\django\template\base.py", line 966, in render_annotated
    return self.render(context)
  File "C:\Users\xdeva\Documents\OC_projets\P12_devant_xavier\venv\lib\site-packages\django\template\defaulttags.py", line 322, in render
    return nodelist.render(context)
  File "C:\Users\xdeva\Documents\OC_projets\P12_devant_xavier\venv\lib\site-packages\django\template\base.py", line 1005, in render
    return SafeString("".join([node.render_annotated(context) for node in self]))
  File "C:\Users\xdeva\Documents\OC_projets\P12_devant_xavier\venv\lib\site-packages\django\template\base.py", line 1005, in <listcomp>
    return SafeString("".join([node.render_annotated(context) for node in self]))
  File "C:\Users\xdeva\Documents\OC_projets\P12_devant_xavier\venv\lib\site-packages\django\template\base.py", line 966, in render_annotated
    return self.render(context)
  File "C:\Users\xdeva\Documents\OC_projets\P12_devant_xavier\venv\lib\site-packages\django\template\defaulttags.py", line 322, in render
    return nodelist.render(context)
  File "C:\Users\xdeva\Documents\OC_projets\P12_devant_xavier\venv\lib\site-packages\django\template\base.py", line 1005, in render
    return SafeString("".join([node.render_annotated(context) for node in self]))
  File "C:\Users\xdeva\Documents\OC_projets\P12_devant_xavier\venv\lib\site-packages\django\template\base.py", line 1005, in <listcomp>
    return SafeString("".join([node.render_annotated(context) for node in self]))
  File "C:\Users\xdeva\Documents\OC_projets\P12_devant_xavier\venv\lib\site-packages\django\template\base.py", line 966, in render_annotated
    return self.render(context)
  File "C:\Users\xdeva\Documents\OC_projets\P12_devant_xavier\venv\lib\site-packages\django\template\base.py", line 1070, in render
    return render_value_in_context(output, context)
  File "C:\Users\xdeva\Documents\OC_projets\P12_devant_xavier\venv\lib\site-packages\django\template\base.py", line 1047, in render_value_in_context
    value = str(value)
  File "C:\Users\xdeva\Documents\OC_projets\P12_devant_xavier\venv\lib\site-packages\django\utils\html.py", line 419, in <lambda>
    klass.__str__ = lambda self: mark_safe(klass_str(self))
  File "C:\Users\xdeva\Documents\OC_projets\P12_devant_xavier\venv\lib\site-packages\django\forms\boundfield.py", line 34, in __str__
    return self.as_widget()
  File "C:\Users\xdeva\Documents\OC_projets\P12_devant_xavier\venv\lib\site-packages\django\forms\boundfield.py", line 99, in as_widget
    return widget.render(
  File "C:\Users\xdeva\Documents\OC_projets\P12_devant_xavier\venv\lib\site-packages\django\forms\widgets.py", line 280, in render
    context = self.get_context(name, value, attrs)
  File "C:\Users\xdeva\Documents\OC_projets\P12_devant_xavier\venv\lib\site-packages\django\contrib\admin\widgets.py", line 89, in get_context
    context = super().get_context(name, value, attrs)
  File "C:\Users\xdeva\Documents\OC_projets\P12_devant_xavier\venv\lib\site-packages\django\forms\widgets.py", line 890, in get_context
    value = self.decompress(value)
  File "C:\Users\xdeva\Documents\OC_projets\P12_devant_xavier\venv\lib\site-packages\django\forms\widgets.py", line 992, in decompress
    value = to_current_timezone(value)
  File "C:\Users\xdeva\Documents\OC_projets\P12_devant_xavier\venv\lib\site-packages\django\forms\utils.py", line 241, in to_current_timezone
    if settings.USE_TZ and value is not None and timezone.is_aware(value):
  File "C:\Users\xdeva\Documents\OC_projets\P12_devant_xavier\venv\lib\site-packages\django\utils\timezone.py", line 256, in is_aware
    return value.utcoffset() is not None
AttributeError: 'datetime.date' object has no attribute 'utcoffset'
"GET /admin/crm/contract/5/change/ HTTP/1.1" 500 545306
Internal Server Error: /admin/crm/contract/6/change/
Traceback (most recent call last):
  File "C:\Users\xdeva\Documents\OC_projets\P12_devant_xavier\venv\lib\site-packages\django\core\handlers\exception.py", line 55, in inner
    response = get_response(request)
  File "C:\Users\xdeva\Documents\OC_projets\P12_devant_xavier\venv\lib\site-packages\django\core\handlers\base.py", line 220, in _get_response
    response = response.render()
  File "C:\Users\xdeva\Documents\OC_projets\P12_devant_xavier\venv\lib\site-packages\django\template\response.py", line 114, in render
    self.content = self.rendered_content
  File "C:\Users\xdeva\Documents\OC_projets\P12_devant_xavier\venv\lib\site-packages\django\template\response.py", line 92, in rendered_content
    return template.render(context, self._request)
  File "C:\Users\xdeva\Documents\OC_projets\P12_devant_xavier\venv\lib\site-packages\django\template\backends\django.py", line 62, in render
    return self.template.render(context)
  File "C:\Users\xdeva\Documents\OC_projets\P12_devant_xavier\venv\lib\site-packages\django\template\base.py", line 175, in render
    return self._render(context)
  File "C:\Users\xdeva\Documents\OC_projets\P12_devant_xavier\venv\lib\site-packages\django\template\base.py", line 167, in _render
    return self.nodelist.render(context)
  File "C:\Users\xdeva\Documents\OC_projets\P12_devant_xavier\venv\lib\site-packages\django\template\base.py", line 1005, in render
    return SafeString("".join([node.render_annotated(context) for node in self]))
  File "C:\Users\xdeva\Documents\OC_projets\P12_devant_xavier\venv\lib\site-packages\django\template\base.py", line 1005, in <listcomp>
    return SafeString("".join([node.render_annotated(context) for node in self]))
  File "C:\Users\xdeva\Documents\OC_projets\P12_devant_xavier\venv\lib\site-packages\django\template\base.py", line 966, in render_annotated
    return self.render(context)
  File "C:\Users\xdeva\Documents\OC_projets\P12_devant_xavier\venv\lib\site-packages\django\template\loader_tags.py", line 157, in render
    return compiled_parent._render(context)
  File "C:\Users\xdeva\Documents\OC_projets\P12_devant_xavier\venv\lib\site-packages\django\template\base.py", line 167, in _render
    return self.nodelist.render(context)
  File "C:\Users\xdeva\Documents\OC_projets\P12_devant_xavier\venv\lib\site-packages\django\template\base.py", line 1005, in render
    return SafeString("".join([node.render_annotated(context) for node in self]))
  File "C:\Users\xdeva\Documents\OC_projets\P12_devant_xavier\venv\lib\site-packages\django\template\base.py", line 1005, in <listcomp>
    return SafeString("".join([node.render_annotated(context) for node in self]))
  File "C:\Users\xdeva\Documents\OC_projets\P12_devant_xavier\venv\lib\site-packages\django\template\base.py", line 966, in render_annotated
    return self.render(context)
  File "C:\Users\xdeva\Documents\OC_projets\P12_devant_xavier\venv\lib\site-packages\django\template\loader_tags.py", line 157, in render
    return compiled_parent._render(context)
  File "C:\Users\xdeva\Documents\OC_projets\P12_devant_xavier\venv\lib\site-packages\django\template\base.py", line 167, in _render
    return self.nodelist.render(context)
  File "C:\Users\xdeva\Documents\OC_projets\P12_devant_xavier\venv\lib\site-packages\django\template\base.py", line 1005, in render
    return SafeString("".join([node.render_annotated(context) for node in self]))
  File "C:\Users\xdeva\Documents\OC_projets\P12_devant_xavier\venv\lib\site-packages\django\template\base.py", line 1005, in <listcomp>
    return SafeString("".join([node.render_annotated(context) for node in self]))
  File "C:\Users\xdeva\Documents\OC_projets\P12_devant_xavier\venv\lib\site-packages\django\template\base.py", line 966, in render_annotated
    return self.render(context)
  File "C:\Users\xdeva\Documents\OC_projets\P12_devant_xavier\venv\lib\site-packages\django\template\loader_tags.py", line 63, in render
    result = block.nodelist.render(context)
  File "C:\Users\xdeva\Documents\OC_projets\P12_devant_xavier\venv\lib\site-packages\django\template\base.py", line 1005, in render
    return SafeString("".join([node.render_annotated(context) for node in self]))
  File "C:\Users\xdeva\Documents\OC_projets\P12_devant_xavier\venv\lib\site-packages\django\template\base.py", line 1005, in <listcomp>
    return SafeString("".join([node.render_annotated(context) for node in self]))
  File "C:\Users\xdeva\Documents\OC_projets\P12_devant_xavier\venv\lib\site-packages\django\template\base.py", line 966, in render_annotated
    return self.render(context)
  File "C:\Users\xdeva\Documents\OC_projets\P12_devant_xavier\venv\lib\site-packages\django\template\loader_tags.py", line 63, in render
    result = block.nodelist.render(context)
  File "C:\Users\xdeva\Documents\OC_projets\P12_devant_xavier\venv\lib\site-packages\django\template\base.py", line 1005, in render
    return SafeString("".join([node.render_annotated(context) for node in self]))
  File "C:\Users\xdeva\Documents\OC_projets\P12_devant_xavier\venv\lib\site-packages\django\template\base.py", line 1005, in <listcomp>
    return SafeString("".join([node.render_annotated(context) for node in self]))
  File "C:\Users\xdeva\Documents\OC_projets\P12_devant_xavier\venv\lib\site-packages\django\template\base.py", line 966, in render_annotated
    return self.render(context)
  File "C:\Users\xdeva\Documents\OC_projets\P12_devant_xavier\venv\lib\site-packages\django\template\defaulttags.py", line 238, in render
    nodelist.append(node.render_annotated(context))
  File "C:\Users\xdeva\Documents\OC_projets\P12_devant_xavier\venv\lib\site-packages\django\template\base.py", line 966, in render_annotated
    return self.render(context)
  File "C:\Users\xdeva\Documents\OC_projets\P12_devant_xavier\venv\lib\site-packages\django\template\loader_tags.py", line 208, in render
    return template.render(context)
  File "C:\Users\xdeva\Documents\OC_projets\P12_devant_xavier\venv\lib\site-packages\django\template\base.py", line 177, in render
    return self._render(context)
  File "C:\Users\xdeva\Documents\OC_projets\P12_devant_xavier\venv\lib\site-packages\django\template\base.py", line 167, in _render
    return self.nodelist.render(context)
  File "C:\Users\xdeva\Documents\OC_projets\P12_devant_xavier\venv\lib\site-packages\django\template\base.py", line 1005, in render
    return SafeString("".join([node.render_annotated(context) for node in self]))
  File "C:\Users\xdeva\Documents\OC_projets\P12_devant_xavier\venv\lib\site-packages\django\template\base.py", line 1005, in <listcomp>
    return SafeString("".join([node.render_annotated(context) for node in self]))
  File "C:\Users\xdeva\Documents\OC_projets\P12_devant_xavier\venv\lib\site-packages\django\template\base.py", line 966, in render_annotated
    return self.render(context)
  File "C:\Users\xdeva\Documents\OC_projets\P12_devant_xavier\venv\lib\site-packages\django\template\defaulttags.py", line 238, in render
    nodelist.append(node.render_annotated(context))
  File "C:\Users\xdeva\Documents\OC_projets\P12_devant_xavier\venv\lib\site-packages\django\template\base.py", line 966, in render_annotated
    return self.render(context)
  File "C:\Users\xdeva\Documents\OC_projets\P12_devant_xavier\venv\lib\site-packages\django\template\defaulttags.py", line 238, in render
    nodelist.append(node.render_annotated(context))
  File "C:\Users\xdeva\Documents\OC_projets\P12_devant_xavier\venv\lib\site-packages\django\template\base.py", line 966, in render_annotated
    return self.render(context)
  File "C:\Users\xdeva\Documents\OC_projets\P12_devant_xavier\venv\lib\site-packages\django\template\defaulttags.py", line 322, in render
    return nodelist.render(context)
  File "C:\Users\xdeva\Documents\OC_projets\P12_devant_xavier\venv\lib\site-packages\django\template\base.py", line 1005, in render
    return SafeString("".join([node.render_annotated(context) for node in self]))
  File "C:\Users\xdeva\Documents\OC_projets\P12_devant_xavier\venv\lib\site-packages\django\template\base.py", line 1005, in <listcomp>
    return SafeString("".join([node.render_annotated(context) for node in self]))
  File "C:\Users\xdeva\Documents\OC_projets\P12_devant_xavier\venv\lib\site-packages\django\template\base.py", line 966, in render_annotated
    return self.render(context)
  File "C:\Users\xdeva\Documents\OC_projets\P12_devant_xavier\venv\lib\site-packages\django\template\defaulttags.py", line 322, in render
    return nodelist.render(context)
  File "C:\Users\xdeva\Documents\OC_projets\P12_devant_xavier\venv\lib\site-packages\django\template\base.py", line 1005, in render
    return SafeString("".join([node.render_annotated(context) for node in self]))
  File "C:\Users\xdeva\Documents\OC_projets\P12_devant_xavier\venv\lib\site-packages\django\template\base.py", line 1005, in <listcomp>
    return SafeString("".join([node.render_annotated(context) for node in self]))
  File "C:\Users\xdeva\Documents\OC_projets\P12_devant_xavier\venv\lib\site-packages\django\template\base.py", line 966, in render_annotated
    return self.render(context)
  File "C:\Users\xdeva\Documents\OC_projets\P12_devant_xavier\venv\lib\site-packages\django\template\base.py", line 1070, in render
    return render_value_in_context(output, context)
  File "C:\Users\xdeva\Documents\OC_projets\P12_devant_xavier\venv\lib\site-packages\django\template\base.py", line 1047, in render_value_in_context
    value = str(value)
  File "C:\Users\xdeva\Documents\OC_projets\P12_devant_xavier\venv\lib\site-packages\django\utils\html.py", line 419, in <lambda>
    klass.__str__ = lambda self: mark_safe(klass_str(self))
  File "C:\Users\xdeva\Documents\OC_projets\P12_devant_xavier\venv\lib\site-packages\django\forms\boundfield.py", line 34, in __str__
    return self.as_widget()
  File "C:\Users\xdeva\Documents\OC_projets\P12_devant_xavier\venv\lib\site-packages\django\forms\boundfield.py", line 99, in as_widget
    return widget.render(
  File "C:\Users\xdeva\Documents\OC_projets\P12_devant_xavier\venv\lib\site-packages\django\forms\widgets.py", line 280, in render
    context = self.get_context(name, value, attrs)
  File "C:\Users\xdeva\Documents\OC_projets\P12_devant_xavier\venv\lib\site-packages\django\contrib\admin\widgets.py", line 89, in get_context
    context = super().get_context(name, value, attrs)
  File "C:\Users\xdeva\Documents\OC_projets\P12_devant_xavier\venv\lib\site-packages\django\forms\widgets.py", line 890, in get_context
    value = self.decompress(value)
  File "C:\Users\xdeva\Documents\OC_projets\P12_devant_xavier\venv\lib\site-packages\django\forms\widgets.py", line 992, in decompress
    value = to_current_timezone(value)
  File "C:\Users\xdeva\Documents\OC_projets\P12_devant_xavier\venv\lib\site-packages\django\forms\utils.py", line 241, in to_current_timezone
    if settings.USE_TZ and value is not None and timezone.is_aware(value):
  File "C:\Users\xdeva\Documents\OC_projets\P12_devant_xavier\venv\lib\site-packages\django\utils\timezone.py", line 256, in is_aware
    return value.utcoffset() is not None
AttributeError: 'datetime.date' object has no attribute 'utcoffset'
"GET /admin/crm/contract/6/change/ HTTP/1.1" 500 545306
Internal Server Error: /admin/crm/contract/2/change/
Traceback (most recent call last):
  File "C:\Users\xdeva\Documents\OC_projets\P12_devant_xavier\venv\lib\site-packages\django\core\handlers\exception.py", line 55, in inner
    response = get_response(request)
  File "C:\Users\xdeva\Documents\OC_projets\P12_devant_xavier\venv\lib\site-packages\django\core\handlers\base.py", line 220, in _get_response
    response = response.render()
  File "C:\Users\xdeva\Documents\OC_projets\P12_devant_xavier\venv\lib\site-packages\django\template\response.py", line 114, in render
    self.content = self.rendered_content
  File "C:\Users\xdeva\Documents\OC_projets\P12_devant_xavier\venv\lib\site-packages\django\template\response.py", line 92, in rendered_content
    return template.render(context, self._request)
  File "C:\Users\xdeva\Documents\OC_projets\P12_devant_xavier\venv\lib\site-packages\django\template\backends\django.py", line 62, in render
    return self.template.render(context)
  File "C:\Users\xdeva\Documents\OC_projets\P12_devant_xavier\venv\lib\site-packages\django\template\base.py", line 175, in render
    return self._render(context)
  File "C:\Users\xdeva\Documents\OC_projets\P12_devant_xavier\venv\lib\site-packages\django\template\base.py", line 167, in _render
    return self.nodelist.render(context)
  File "C:\Users\xdeva\Documents\OC_projets\P12_devant_xavier\venv\lib\site-packages\django\template\base.py", line 1005, in render
    return SafeString("".join([node.render_annotated(context) for node in self]))
  File "C:\Users\xdeva\Documents\OC_projets\P12_devant_xavier\venv\lib\site-packages\django\template\base.py", line 1005, in <listcomp>
    return SafeString("".join([node.render_annotated(context) for node in self]))
  File "C:\Users\xdeva\Documents\OC_projets\P12_devant_xavier\venv\lib\site-packages\django\template\base.py", line 966, in render_annotated
    return self.render(context)
  File "C:\Users\xdeva\Documents\OC_projets\P12_devant_xavier\venv\lib\site-packages\django\template\loader_tags.py", line 157, in render
    return compiled_parent._render(context)
  File "C:\Users\xdeva\Documents\OC_projets\P12_devant_xavier\venv\lib\site-packages\django\template\base.py", line 167, in _render
    return self.nodelist.render(context)
  File "C:\Users\xdeva\Documents\OC_projets\P12_devant_xavier\venv\lib\site-packages\django\template\base.py", line 1005, in render
    return SafeString("".join([node.render_annotated(context) for node in self]))
  File "C:\Users\xdeva\Documents\OC_projets\P12_devant_xavier\venv\lib\site-packages\django\template\base.py", line 1005, in <listcomp>
    return SafeString("".join([node.render_annotated(context) for node in self]))
  File "C:\Users\xdeva\Documents\OC_projets\P12_devant_xavier\venv\lib\site-packages\django\template\base.py", line 966, in render_annotated
    return self.render(context)
  File "C:\Users\xdeva\Documents\OC_projets\P12_devant_xavier\venv\lib\site-packages\django\template\loader_tags.py", line 157, in render
    return compiled_parent._render(context)
  File "C:\Users\xdeva\Documents\OC_projets\P12_devant_xavier\venv\lib\site-packages\django\template\base.py", line 167, in _render
    return self.nodelist.render(context)
  File "C:\Users\xdeva\Documents\OC_projets\P12_devant_xavier\venv\lib\site-packages\django\template\base.py", line 1005, in render
    return SafeString("".join([node.render_annotated(context) for node in self]))
  File "C:\Users\xdeva\Documents\OC_projets\P12_devant_xavier\venv\lib\site-packages\django\template\base.py", line 1005, in <listcomp>
    return SafeString("".join([node.render_annotated(context) for node in self]))
  File "C:\Users\xdeva\Documents\OC_projets\P12_devant_xavier\venv\lib\site-packages\django\template\base.py", line 966, in render_annotated
    return self.render(context)
  File "C:\Users\xdeva\Documents\OC_projets\P12_devant_xavier\venv\lib\site-packages\django\template\loader_tags.py", line 63, in render
    result = block.nodelist.render(context)
  File "C:\Users\xdeva\Documents\OC_projets\P12_devant_xavier\venv\lib\site-packages\django\template\base.py", line 1005, in render
    return SafeString("".join([node.render_annotated(context) for node in self]))
  File "C:\Users\xdeva\Documents\OC_projets\P12_devant_xavier\venv\lib\site-packages\django\template\base.py", line 1005, in <listcomp>
    return SafeString("".join([node.render_annotated(context) for node in self]))
  File "C:\Users\xdeva\Documents\OC_projets\P12_devant_xavier\venv\lib\site-packages\django\template\base.py", line 966, in render_annotated
    return self.render(context)
  File "C:\Users\xdeva\Documents\OC_projets\P12_devant_xavier\venv\lib\site-packages\django\template\loader_tags.py", line 63, in render
    result = block.nodelist.render(context)
  File "C:\Users\xdeva\Documents\OC_projets\P12_devant_xavier\venv\lib\site-packages\django\template\base.py", line 1005, in render
    return SafeString("".join([node.render_annotated(context) for node in self]))
  File "C:\Users\xdeva\Documents\OC_projets\P12_devant_xavier\venv\lib\site-packages\django\template\base.py", line 1005, in <listcomp>
    return SafeString("".join([node.render_annotated(context) for node in self]))
  File "C:\Users\xdeva\Documents\OC_projets\P12_devant_xavier\venv\lib\site-packages\django\template\base.py", line 966, in render_annotated
    return self.render(context)
  File "C:\Users\xdeva\Documents\OC_projets\P12_devant_xavier\venv\lib\site-packages\django\template\defaulttags.py", line 238, in render
    nodelist.append(node.render_annotated(context))
  File "C:\Users\xdeva\Documents\OC_projets\P12_devant_xavier\venv\lib\site-packages\django\template\base.py", line 966, in render_annotated
    return self.render(context)
  File "C:\Users\xdeva\Documents\OC_projets\P12_devant_xavier\venv\lib\site-packages\django\template\loader_tags.py", line 208, in render
    return template.render(context)
  File "C:\Users\xdeva\Documents\OC_projets\P12_devant_xavier\venv\lib\site-packages\django\template\base.py", line 177, in render
    return self._render(context)
  File "C:\Users\xdeva\Documents\OC_projets\P12_devant_xavier\venv\lib\site-packages\django\template\base.py", line 167, in _render
    return self.nodelist.render(context)
  File "C:\Users\xdeva\Documents\OC_projets\P12_devant_xavier\venv\lib\site-packages\django\template\base.py", line 1005, in render
    return SafeString("".join([node.render_annotated(context) for node in self]))
  File "C:\Users\xdeva\Documents\OC_projets\P12_devant_xavier\venv\lib\site-packages\django\template\base.py", line 1005, in <listcomp>
    return SafeString("".join([node.render_annotated(context) for node in self]))
  File "C:\Users\xdeva\Documents\OC_projets\P12_devant_xavier\venv\lib\site-packages\django\template\base.py", line 966, in render_annotated
    return self.render(context)
  File "C:\Users\xdeva\Documents\OC_projets\P12_devant_xavier\venv\lib\site-packages\django\template\defaulttags.py", line 238, in render
    nodelist.append(node.render_annotated(context))
  File "C:\Users\xdeva\Documents\OC_projets\P12_devant_xavier\venv\lib\site-packages\django\template\base.py", line 966, in render_annotated
    return self.render(context)
  File "C:\Users\xdeva\Documents\OC_projets\P12_devant_xavier\venv\lib\site-packages\django\template\defaulttags.py", line 238, in render
    nodelist.append(node.render_annotated(context))
  File "C:\Users\xdeva\Documents\OC_projets\P12_devant_xavier\venv\lib\site-packages\django\template\base.py", line 966, in render_annotated
    return self.render(context)
  File "C:\Users\xdeva\Documents\OC_projets\P12_devant_xavier\venv\lib\site-packages\django\template\defaulttags.py", line 322, in render
    return nodelist.render(context)
  File "C:\Users\xdeva\Documents\OC_projets\P12_devant_xavier\venv\lib\site-packages\django\template\base.py", line 1005, in render
    return SafeString("".join([node.render_annotated(context) for node in self]))
  File "C:\Users\xdeva\Documents\OC_projets\P12_devant_xavier\venv\lib\site-packages\django\template\base.py", line 1005, in <listcomp>
    return SafeString("".join([node.render_annotated(context) for node in self]))
  File "C:\Users\xdeva\Documents\OC_projets\P12_devant_xavier\venv\lib\site-packages\django\template\base.py", line 966, in render_annotated
    return self.render(context)
  File "C:\Users\xdeva\Documents\OC_projets\P12_devant_xavier\venv\lib\site-packages\django\template\defaulttags.py", line 322, in render
    return nodelist.render(context)
  File "C:\Users\xdeva\Documents\OC_projets\P12_devant_xavier\venv\lib\site-packages\django\template\base.py", line 1005, in render
    return SafeString("".join([node.render_annotated(context) for node in self]))
  File "C:\Users\xdeva\Documents\OC_projets\P12_devant_xavier\venv\lib\site-packages\django\template\base.py", line 1005, in <listcomp>
    return SafeString("".join([node.render_annotated(context) for node in self]))
  File "C:\Users\xdeva\Documents\OC_projets\P12_devant_xavier\venv\lib\site-packages\django\template\base.py", line 966, in render_annotated
    return self.render(context)
  File "C:\Users\xdeva\Documents\OC_projets\P12_devant_xavier\venv\lib\site-packages\django\template\base.py", line 1070, in render
    return render_value_in_context(output, context)
  File "C:\Users\xdeva\Documents\OC_projets\P12_devant_xavier\venv\lib\site-packages\django\template\base.py", line 1047, in render_value_in_context
    value = str(value)
  File "C:\Users\xdeva\Documents\OC_projets\P12_devant_xavier\venv\lib\site-packages\django\utils\html.py", line 419, in <lambda>
    klass.__str__ = lambda self: mark_safe(klass_str(self))
  File "C:\Users\xdeva\Documents\OC_projets\P12_devant_xavier\venv\lib\site-packages\django\forms\boundfield.py", line 34, in __str__
    return self.as_widget()
  File "C:\Users\xdeva\Documents\OC_projets\P12_devant_xavier\venv\lib\site-packages\django\forms\boundfield.py", line 99, in as_widget
    return widget.render(
  File "C:\Users\xdeva\Documents\OC_projets\P12_devant_xavier\venv\lib\site-packages\django\forms\widgets.py", line 280, in render
    context = self.get_context(name, value, attrs)
  File "C:\Users\xdeva\Documents\OC_projets\P12_devant_xavier\venv\lib\site-packages\django\contrib\admin\widgets.py", line 89, in get_context
    context = super().get_context(name, value, attrs)
  File "C:\Users\xdeva\Documents\OC_projets\P12_devant_xavier\venv\lib\site-packages\django\forms\widgets.py", line 890, in get_context
    value = self.decompress(value)
  File "C:\Users\xdeva\Documents\OC_projets\P12_devant_xavier\venv\lib\site-packages\django\forms\widgets.py", line 992, in decompress
    value = to_current_timezone(value)
  File "C:\Users\xdeva\Documents\OC_projets\P12_devant_xavier\venv\lib\site-packages\django\forms\utils.py", line 241, in to_current_timezone
    if settings.USE_TZ and value is not None and timezone.is_aware(value):
  File "C:\Users\xdeva\Documents\OC_projets\P12_devant_xavier\venv\lib\site-packages\django\utils\timezone.py", line 256, in is_aware
    return value.utcoffset() is not None
AttributeError: 'datetime.date' object has no attribute 'utcoffset'
"GET /admin/crm/contract/2/change/ HTTP/1.1" 500 579029
Internal Server Error: /admin/crm/contract/1/change/
Traceback (most recent call last):
  File "C:\Users\xdeva\Documents\OC_projets\P12_devant_xavier\venv\lib\site-packages\django\core\handlers\exception.py", line 55, in inner
    response = get_response(request)
  File "C:\Users\xdeva\Documents\OC_projets\P12_devant_xavier\venv\lib\site-packages\django\core\handlers\base.py", line 220, in _get_response
    response = response.render()
  File "C:\Users\xdeva\Documents\OC_projets\P12_devant_xavier\venv\lib\site-packages\django\template\response.py", line 114, in render
    self.content = self.rendered_content
  File "C:\Users\xdeva\Documents\OC_projets\P12_devant_xavier\venv\lib\site-packages\django\template\response.py", line 92, in rendered_content
    return template.render(context, self._request)
  File "C:\Users\xdeva\Documents\OC_projets\P12_devant_xavier\venv\lib\site-packages\django\template\backends\django.py", line 62, in render
    return self.template.render(context)
  File "C:\Users\xdeva\Documents\OC_projets\P12_devant_xavier\venv\lib\site-packages\django\template\base.py", line 175, in render
    return self._render(context)
  File "C:\Users\xdeva\Documents\OC_projets\P12_devant_xavier\venv\lib\site-packages\django\template\base.py", line 167, in _render
    return self.nodelist.render(context)
  File "C:\Users\xdeva\Documents\OC_projets\P12_devant_xavier\venv\lib\site-packages\django\template\base.py", line 1005, in render
    return SafeString("".join([node.render_annotated(context) for node in self]))
  File "C:\Users\xdeva\Documents\OC_projets\P12_devant_xavier\venv\lib\site-packages\django\template\base.py", line 1005, in <listcomp>
    return SafeString("".join([node.render_annotated(context) for node in self]))
  File "C:\Users\xdeva\Documents\OC_projets\P12_devant_xavier\venv\lib\site-packages\django\template\base.py", line 966, in render_annotated
    return self.render(context)
  File "C:\Users\xdeva\Documents\OC_projets\P12_devant_xavier\venv\lib\site-packages\django\template\loader_tags.py", line 157, in render
    return compiled_parent._render(context)
  File "C:\Users\xdeva\Documents\OC_projets\P12_devant_xavier\venv\lib\site-packages\django\template\base.py", line 167, in _render
    return self.nodelist.render(context)
  File "C:\Users\xdeva\Documents\OC_projets\P12_devant_xavier\venv\lib\site-packages\django\template\base.py", line 1005, in render
    return SafeString("".join([node.render_annotated(context) for node in self]))
  File "C:\Users\xdeva\Documents\OC_projets\P12_devant_xavier\venv\lib\site-packages\django\template\base.py", line 1005, in <listcomp>
    return SafeString("".join([node.render_annotated(context) for node in self]))
  File "C:\Users\xdeva\Documents\OC_projets\P12_devant_xavier\venv\lib\site-packages\django\template\base.py", line 966, in render_annotated
    return self.render(context)
  File "C:\Users\xdeva\Documents\OC_projets\P12_devant_xavier\venv\lib\site-packages\django\template\loader_tags.py", line 157, in render
    return compiled_parent._render(context)
  File "C:\Users\xdeva\Documents\OC_projets\P12_devant_xavier\venv\lib\site-packages\django\template\base.py", line 167, in _render
    return self.nodelist.render(context)
  File "C:\Users\xdeva\Documents\OC_projets\P12_devant_xavier\venv\lib\site-packages\django\template\base.py", line 1005, in render
    return SafeString("".join([node.render_annotated(context) for node in self]))
  File "C:\Users\xdeva\Documents\OC_projets\P12_devant_xavier\venv\lib\site-packages\django\template\base.py", line 1005, in <listcomp>
    return SafeString("".join([node.render_annotated(context) for node in self]))
  File "C:\Users\xdeva\Documents\OC_projets\P12_devant_xavier\venv\lib\site-packages\django\template\base.py", line 966, in render_annotated
    return self.render(context)
  File "C:\Users\xdeva\Documents\OC_projets\P12_devant_xavier\venv\lib\site-packages\django\template\loader_tags.py", line 63, in render
    result = block.nodelist.render(context)
  File "C:\Users\xdeva\Documents\OC_projets\P12_devant_xavier\venv\lib\site-packages\django\template\base.py", line 1005, in render
    return SafeString("".join([node.render_annotated(context) for node in self]))
  File "C:\Users\xdeva\Documents\OC_projets\P12_devant_xavier\venv\lib\site-packages\django\template\base.py", line 1005, in <listcomp>
    return SafeString("".join([node.render_annotated(context) for node in self]))
  File "C:\Users\xdeva\Documents\OC_projets\P12_devant_xavier\venv\lib\site-packages\django\template\base.py", line 966, in render_annotated
    return self.render(context)
  File "C:\Users\xdeva\Documents\OC_projets\P12_devant_xavier\venv\lib\site-packages\django\template\loader_tags.py", line 63, in render
    result = block.nodelist.render(context)
  File "C:\Users\xdeva\Documents\OC_projets\P12_devant_xavier\venv\lib\site-packages\django\template\base.py", line 1005, in render
    return SafeString("".join([node.render_annotated(context) for node in self]))
  File "C:\Users\xdeva\Documents\OC_projets\P12_devant_xavier\venv\lib\site-packages\django\template\base.py", line 1005, in <listcomp>
    return SafeString("".join([node.render_annotated(context) for node in self]))
  File "C:\Users\xdeva\Documents\OC_projets\P12_devant_xavier\venv\lib\site-packages\django\template\base.py", line 966, in render_annotated
    return self.render(context)
  File "C:\Users\xdeva\Documents\OC_projets\P12_devant_xavier\venv\lib\site-packages\django\template\defaulttags.py", line 238, in render
    nodelist.append(node.render_annotated(context))
  File "C:\Users\xdeva\Documents\OC_projets\P12_devant_xavier\venv\lib\site-packages\django\template\base.py", line 966, in render_annotated
    return self.render(context)
  File "C:\Users\xdeva\Documents\OC_projets\P12_devant_xavier\venv\lib\site-packages\django\template\loader_tags.py", line 208, in render
    return template.render(context)
  File "C:\Users\xdeva\Documents\OC_projets\P12_devant_xavier\venv\lib\site-packages\django\template\base.py", line 177, in render
    return self._render(context)
  File "C:\Users\xdeva\Documents\OC_projets\P12_devant_xavier\venv\lib\site-packages\django\template\base.py", line 167, in _render
    return self.nodelist.render(context)
  File "C:\Users\xdeva\Documents\OC_projets\P12_devant_xavier\venv\lib\site-packages\django\template\base.py", line 1005, in render
    return SafeString("".join([node.render_annotated(context) for node in self]))
  File "C:\Users\xdeva\Documents\OC_projets\P12_devant_xavier\venv\lib\site-packages\django\template\base.py", line 1005, in <listcomp>
    return SafeString("".join([node.render_annotated(context) for node in self]))
  File "C:\Users\xdeva\Documents\OC_projets\P12_devant_xavier\venv\lib\site-packages\django\template\base.py", line 966, in render_annotated
    return self.render(context)
  File "C:\Users\xdeva\Documents\OC_projets\P12_devant_xavier\venv\lib\site-packages\django\template\defaulttags.py", line 238, in render
    nodelist.append(node.render_annotated(context))
  File "C:\Users\xdeva\Documents\OC_projets\P12_devant_xavier\venv\lib\site-packages\django\template\base.py", line 966, in render_annotated
    return self.render(context)
  File "C:\Users\xdeva\Documents\OC_projets\P12_devant_xavier\venv\lib\site-packages\django\template\defaulttags.py", line 238, in render
    nodelist.append(node.render_annotated(context))
  File "C:\Users\xdeva\Documents\OC_projets\P12_devant_xavier\venv\lib\site-packages\django\template\base.py", line 966, in render_annotated
    return self.render(context)
  File "C:\Users\xdeva\Documents\OC_projets\P12_devant_xavier\venv\lib\site-packages\django\template\defaulttags.py", line 322, in render
    return nodelist.render(context)
  File "C:\Users\xdeva\Documents\OC_projets\P12_devant_xavier\venv\lib\site-packages\django\template\base.py", line 1005, in render
    return SafeString("".join([node.render_annotated(context) for node in self]))
  File "C:\Users\xdeva\Documents\OC_projets\P12_devant_xavier\venv\lib\site-packages\django\template\base.py", line 1005, in <listcomp>
    return SafeString("".join([node.render_annotated(context) for node in self]))
  File "C:\Users\xdeva\Documents\OC_projets\P12_devant_xavier\venv\lib\site-packages\django\template\base.py", line 966, in render_annotated
    return self.render(context)
  File "C:\Users\xdeva\Documents\OC_projets\P12_devant_xavier\venv\lib\site-packages\django\template\defaulttags.py", line 322, in render
    return nodelist.render(context)
  File "C:\Users\xdeva\Documents\OC_projets\P12_devant_xavier\venv\lib\site-packages\django\template\base.py", line 1005, in render
    return SafeString("".join([node.render_annotated(context) for node in self]))
  File "C:\Users\xdeva\Documents\OC_projets\P12_devant_xavier\venv\lib\site-packages\django\template\base.py", line 1005, in <listcomp>
    return SafeString("".join([node.render_annotated(context) for node in self]))
  File "C:\Users\xdeva\Documents\OC_projets\P12_devant_xavier\venv\lib\site-packages\django\template\base.py", line 966, in render_annotated
    return self.render(context)
  File "C:\Users\xdeva\Documents\OC_projets\P12_devant_xavier\venv\lib\site-packages\django\template\base.py", line 1070, in render
    return render_value_in_context(output, context)
  File "C:\Users\xdeva\Documents\OC_projets\P12_devant_xavier\venv\lib\site-packages\django\template\base.py", line 1047, in render_value_in_context
    value = str(value)
  File "C:\Users\xdeva\Documents\OC_projets\P12_devant_xavier\venv\lib\site-packages\django\utils\html.py", line 419, in <lambda>
    klass.__str__ = lambda self: mark_safe(klass_str(self))
  File "C:\Users\xdeva\Documents\OC_projets\P12_devant_xavier\venv\lib\site-packages\django\forms\boundfield.py", line 34, in __str__
    return self.as_widget()
  File "C:\Users\xdeva\Documents\OC_projets\P12_devant_xavier\venv\lib\site-packages\django\forms\boundfield.py", line 99, in as_widget
    return widget.render(
  File "C:\Users\xdeva\Documents\OC_projets\P12_devant_xavier\venv\lib\site-packages\django\forms\widgets.py", line 280, in render
    context = self.get_context(name, value, attrs)
  File "C:\Users\xdeva\Documents\OC_projets\P12_devant_xavier\venv\lib\site-packages\django\contrib\admin\widgets.py", line 89, in get_context
    context = super().get_context(name, value, attrs)
  File "C:\Users\xdeva\Documents\OC_projets\P12_devant_xavier\venv\lib\site-packages\django\forms\widgets.py", line 890, in get_context
    value = self.decompress(value)
  File "C:\Users\xdeva\Documents\OC_projets\P12_devant_xavier\venv\lib\site-packages\django\forms\widgets.py", line 992, in decompress
    value = to_current_timezone(value)
  File "C:\Users\xdeva\Documents\OC_projets\P12_devant_xavier\venv\lib\site-packages\django\forms\utils.py", line 241, in to_current_timezone
    if settings.USE_TZ and value is not None and timezone.is_aware(value):
  File "C:\Users\xdeva\Documents\OC_projets\P12_devant_xavier\venv\lib\site-packages\django\utils\timezone.py", line 256, in is_aware
    return value.utcoffset() is not None
AttributeError: 'datetime.date' object has no attribute 'utcoffset'
"GET /admin/crm/contract/1/change/ HTTP/1.1" 500 579029
